[debug] [2024-04-20T16:12:35.188Z] ----------------------------------------------------------------------
[debug] [2024-04-20T16:12:35.192Z] Command:       /Users/adarshkumar/.nvm/versions/node/v20.5.0/bin/node /Users/adarshkumar/.nvm/versions/node/v20.5.0/bin/firebase init
[debug] [2024-04-20T16:12:35.193Z] CLI Version:   13.5.0
[debug] [2024-04-20T16:12:35.193Z] Platform:      darwin
[debug] [2024-04-20T16:12:35.193Z] Node Version:  v20.5.0
[debug] [2024-04-20T16:12:35.193Z] Time:          Sat Apr 20 2024 21:42:35 GMT+0530 (India Standard Time)
[debug] [2024-04-20T16:12:35.193Z] ----------------------------------------------------------------------
[debug] 
[debug] [2024-04-20T16:12:35.234Z] > command requires scopes: ["email","openid","https://www.googleapis.com/auth/cloudplatformprojects.readonly","https://www.googleapis.com/auth/firebase","https://www.googleapis.com/auth/cloud-platform"]
[debug] [2024-04-20T16:12:35.234Z] > authorizing via signed-in user (adarshrajput1914@gmail.com)
[info] 
     ######## #### ########  ######## ########     ###     ######  ########
     ##        ##  ##     ## ##       ##     ##  ##   ##  ##       ##
     ######    ##  ########  ######   ########  #########  ######  ######
     ##        ##  ##    ##  ##       ##     ## ##     ##       ## ##
     ##       #### ##     ## ######## ########  ##     ##  ######  ########

You're about to initialize a Firebase project in this directory:

  /Users/adarshkumar/tracker-app

Before we get started, keep in mind:

  * You are initializing within an existing Firebase project directory

